<?xml version="1.0" encoding="UTF-8"?>
<!-- Generated by org.testng.reporters.JUnitXMLReporter -->
<testsuite ignored="0" hostname="NitinsDesktop007" failures="0" tests="4" name="Default test" time="7.929" errors="0" timestamp="2025-08-03T18:48:50 IST">
  <testcase classname="api.test.userTest" name="testPostUser" time="2.912"/>
  <testcase classname="api.test.userTest" name="testGetUserByName" time="1.13"/>
  <testcase classname="api.test.userTest" name="testUpdateUserByName" time="2.082"/>
  <testcase classname="api.test.userTest" name="testDeleteUserByName" time="1.051"/>
</testsuite> <!-- Default test -->
