<?xml version="1.0" encoding="UTF-8"?>
<!-- Generated by org.testng.reporters.JUnitXMLReporter -->
<testsuite ignored="0" hostname="NitinsDesktop007" failures="1" tests="4" name="Test" time="6.82" errors="0" timestamp="2025-08-03T18:49:10 IST">
  <testcase classname="api.test.userTest" name="testPostUser" time="2.788"/>
  <testcase classname="api.test.userTest" name="testGetUserByName" time="1.101"/>
  <testcase classname="api.test.userTest" name="testUpdateUserByName" time="2.086">
    <failure type="java.lang.AssertionError" message="expected [200] but found [404]">
      <![CDATA[java.lang.AssertionError: expected [200] but found [404]
at api.test.userTest.testUpdateUserByName(userTest.java:86)
at java.base/java.util.ArrayList.forEach(ArrayList.java:1511)
... Removed 34 stack frames]]>
    </failure>
  </testcase> <!-- testUpdateUserByName -->
  <testcase classname="api.test.userTest" name="testDeleteUserByName" time="0.0">
    <skipped/>
  </testcase> <!-- testDeleteUserByName -->
</testsuite> <!-- Test -->
